<?xml version="1.0" encoding="UTF-8"?>
<testsuite xmlns:xsi="http://www.w3.org/2001/XMLSchema-instance" xsi:noNamespaceSchemaLocation="https://maven.apache.org/surefire/maven-surefire-plugin/xsd/surefire-test-report-3.0.xsd" version="3.0" name="parallax.backend.http.HttpServerAppIntegrationTest" time="0.287" tests="3" errors="0" skipped="0" failures="0">
  <properties>
[...]
</properties>
  <testcase name="registrationAndLoginRoundtrip" classname="parallax.backend.http.HttpServerAppIntegrationTest" time="0.247">
    <system-out><![CDATA[Started Parallax backend on port 0
]]></system-out>
  </testcase>
  <testcase name="vehicleLifecycle_blacklistAndQueryFlow" classname="parallax.backend.http.HttpServerAppIntegrationTest" time="0.023">
    <system-out><![CDATA[Started Parallax backend on port 0
]]></system-out>
  </testcase>
  <testcase name="healthEndpoint_returnsOk" classname="parallax.backend.http.HttpServerAppIntegrationTest" time="0.014">
    <system-out><![CDATA[Started Parallax backend on port 0
]]></system-out>
  </testcase>
</testsuite>